<?xml version="1.0" encoding="UTF-8"?>
<!-- Generated by org.testng.reporters.JUnitXMLReporter -->
<testsuite ignored="0" hostname="Shauns-MacBook-Pro.local" failures="0" tests="3" name="supply-brain-automated-tests" time="9.927" errors="0" timestamp="06 Feb 2021 00:34:39 GMT">
  <testcase classname="login.LoginTests" name="loginWithCorrectEmailAndPasswordShouldAuthenticateAndThenLogout" time="1.986"/>
  <testcase classname="login.LoginTests" name="loginWithCorrectEmailButIncorrectPasswordShouldGiveAnErrorMessage" time="0.977"/>
  <testcase classname="login.LoginTests" name="loginWithIncorrectEmailButCorrectPasswordShouldGiveAnErrorMessage" time="0.806"/>
</testsuite> <!-- supply-brain-automated-tests -->
