<?xml version="1.0" encoding="UTF-8"?>
<!-- Generated by org.testng.reporters.JUnitXMLReporter -->
<testsuite ignored="0" hostname="Shauns-MacBook-Pro.local" failures="1" tests="4" name="supply-brain-automated-tests" time="14.941" errors="0" timestamp="06 Feb 2021 03:33:24 GMT">
  <testcase classname="login.LoginTests" name="loginWithCorrectEmailAndCorrectPasswordAndCheckRememberMeShouldRememberUserAfterBrowserQuit" time="6.355"/>
  <testcase classname="login.LoginTests" name="loginWithCorrectEmailAndPasswordShouldAuthenticateAndThenLogout" time="1.04">
    <failure type="java.lang.AssertionError" message="Login failed expected [You are logged in!] but found [E-Mail Address
Password
Remember Me
Login Forgot Your Password?]">
      <![CDATA[java.lang.AssertionError: Login failed expected [You are logged in!] but found [E-Mail Address
Password
Remember Me
Login Forgot Your Password?]
at login.LoginTests.loginWithCorrectEmailAndPasswordShouldAuthenticateAndThenLogout(LoginTests.java:41)
at com.intellij.rt.testng.IDEARemoteTestNG.run(IDEARemoteTestNG.java:66)
at com.intellij.rt.testng.RemoteTestNGStarter.main(RemoteTestNGStarter.java:109)
... Removed 27 stack frames]]>
    </failure>
  </testcase> <!-- loginWithCorrectEmailAndPasswordShouldAuthenticateAndThenLogout -->
  <testcase classname="login.LoginTests" name="loginWithCorrectEmailButIncorrectPasswordShouldGiveAnErrorMessage" time="0.928"/>
  <testcase classname="login.LoginTests" name="loginWithIncorrectEmailButCorrectPasswordShouldGiveAnErrorMessage" time="0.885"/>
</testsuite> <!-- supply-brain-automated-tests -->
