<?xml version="1.0" encoding="UTF-8"?>
<testng-results ignored="0" total="3" passed="3" failed="0" skipped="0">
  <reporter-output>
  </reporter-output>
  <suite started-at="2021-02-06T00:34:24Z" name="Default Suite" finished-at="2021-02-06T00:34:34Z" duration-ms="9927">
    <groups>
    </groups>
    <test started-at="2021-02-06T00:34:24Z" name="supply-brain-automated-tests" finished-at="2021-02-06T00:34:34Z" duration-ms="9927">
      <class name="login.LoginTests">
        <test-method is-config="true" signature="setUp()[pri:0, instance:login.LoginTests@1d119efb]" started-at="2021-02-06T00:34:24Z" name="setUp" finished-at="2021-02-06T00:34:28Z" duration-ms="3226" status="PASS">
          <reporter-output>
          </reporter-output>
        </test-method> <!-- setUp -->
        <test-method is-config="true" signature="beforeMethod()[pri:0, instance:login.LoginTests@1d119efb]" started-at="2021-02-06T00:34:28Z" name="beforeMethod" finished-at="2021-02-06T00:34:30Z" duration-ms="2025" status="PASS">
          <reporter-output>
          </reporter-output>
        </test-method> <!-- beforeMethod -->
        <test-method signature="loginWithCorrectEmailAndPasswordShouldAuthenticateAndThenLogout()[pri:0, instance:login.LoginTests@1d119efb]" started-at="2021-02-06T00:34:30Z" name="loginWithCorrectEmailAndPasswordShouldAuthenticateAndThenLogout" finished-at="2021-02-06T00:34:32Z" duration-ms="1986" status="PASS">
          <reporter-output>
          </reporter-output>
        </test-method> <!-- loginWithCorrectEmailAndPasswordShouldAuthenticateAndThenLogout -->
        <test-method is-config="true" signature="beforeMethod()[pri:0, instance:login.LoginTests@1d119efb]" started-at="2021-02-06T00:34:32Z" name="beforeMethod" finished-at="2021-02-06T00:34:32Z" duration-ms="367" status="PASS">
          <reporter-output>
          </reporter-output>
        </test-method> <!-- beforeMethod -->
        <test-method signature="loginWithCorrectEmailButIncorrectPasswordShouldGiveAnErrorMessage()[pri:0, instance:login.LoginTests@1d119efb]" started-at="2021-02-06T00:34:32Z" name="loginWithCorrectEmailButIncorrectPasswordShouldGiveAnErrorMessage" finished-at="2021-02-06T00:34:33Z" duration-ms="977" status="PASS">
          <reporter-output>
          </reporter-output>
        </test-method> <!-- loginWithCorrectEmailButIncorrectPasswordShouldGiveAnErrorMessage -->
        <test-method is-config="true" signature="beforeMethod()[pri:0, instance:login.LoginTests@1d119efb]" started-at="2021-02-06T00:34:33Z" name="beforeMethod" finished-at="2021-02-06T00:34:33Z" duration-ms="366" status="PASS">
          <reporter-output>
          </reporter-output>
        </test-method> <!-- beforeMethod -->
        <test-method signature="loginWithIncorrectEmailButCorrectPasswordShouldGiveAnErrorMessage()[pri:0, instance:login.LoginTests@1d119efb]" started-at="2021-02-06T00:34:33Z" name="loginWithIncorrectEmailButCorrectPasswordShouldGiveAnErrorMessage" finished-at="2021-02-06T00:34:34Z" duration-ms="806" status="PASS">
          <reporter-output>
          </reporter-output>
        </test-method> <!-- loginWithIncorrectEmailButCorrectPasswordShouldGiveAnErrorMessage -->
        <test-method is-config="true" signature="tearDown()[pri:0, instance:login.LoginTests@1d119efb]" started-at="2021-02-06T00:34:34Z" name="tearDown" finished-at="2021-02-06T00:34:34Z" duration-ms="143" status="PASS">
          <reporter-output>
          </reporter-output>
        </test-method> <!-- tearDown -->
      </class> <!-- login.LoginTests -->
    </test> <!-- supply-brain-automated-tests -->
  </suite> <!-- Default Suite -->
</testng-results>
